  Manifold.h
  Body.cpp
E:\projects\c++\Physics-Engine\Physics-Engine\include\Collisions.h(172,26): warning C4267: '=': conversión de 'size_t' a 'int'; posible pérdida de datos
  (compilando archivo de origen "src/Body.cpp")
  
E:\projects\c++\Physics-Engine\Physics-Engine\include\World.h(41,20): warning C4244: 'return': conversión de 'const float' a 'int'; posible pérdida de datos
  (compilando archivo de origen "src/Body.cpp")
  
  main.cpp
E:\projects\c++\Physics-Engine\Physics-Engine\include\Collisions.h(172,26): warning C4267: '=': conversión de 'size_t' a 'int'; posible pérdida de datos
  (compilando archivo de origen "src/main.cpp")
  
E:\projects\c++\Physics-Engine\Physics-Engine\include\World.h(41,20): warning C4244: 'return': conversión de 'const float' a 'int'; posible pérdida de datos
  (compilando archivo de origen "src/main.cpp")
  
E:\projects\c++\Physics-Engine\Physics-Engine\src\main.cpp(37,75): warning C4244: 'argumento': conversión de 'float' a 'int'; posible pérdida de datos
  World.cpp
E:\projects\c++\Physics-Engine\Physics-Engine\include\Collisions.h(172,26): warning C4267: '=': conversión de 'size_t' a 'int'; posible pérdida de datos
  (compilando archivo de origen "src/World.cpp")
  
E:\projects\c++\Physics-Engine\Physics-Engine\include\World.h(41,20): warning C4244: 'return': conversión de 'const float' a 'int'; posible pérdida de datos
  (compilando archivo de origen "src/World.cpp")
  
E:\projects\c++\Physics-Engine\Physics-Engine\src\World.cpp(36,24): warning C4244: 'argumento': conversión de 'int' a 'float'; posible pérdida de datos
E:\projects\c++\Physics-Engine\Physics-Engine\src\World.cpp(36,23): warning C4244: '=': conversión de 'float' a 'int'; posible pérdida de datos
  Generando código...
LINK : warning LNK4098: la biblioteca predeterminada'MSVCRT' entra en conflicto con otras bibliotecas; use la biblioteca /NODEFAULTLIB:biblioteca
  Physics-Engine.vcxproj -> E:\projects\c++\Physics-Engine\x64\Debug\Physics-Engine.exe
